<?xml version="1.0" encoding="UTF-8"?>
<!-- Generated by org.testng.reporters.JUnitReportReporter -->
<testsuite skipped="0" hostname="Hitesh" name="apiTestsUsingBdd.GetUserDetails" tests="1" failures="0" timestamp="2022-03-28T18:24:21 AEDT" time="13.079" errors="0">
  <testcase name="get_list_of_users_avaialable" time="13.079" classname="apiTestsUsingBdd.GetUserDetails"/>
  <system-out/>
</testsuite> <!-- apiTestsUsingBdd.GetUserDetails -->
