<?xml version="1.0" encoding="UTF-8"?>
<!-- Generated by org.testng.reporters.JUnitReportReporter -->
<testsuite skipped="0" hostname="Hitesh" name="apiTestsUsingBdd.PostRequestToNewUser" tests="1" failures="0" timestamp="2022-03-28T18:25:12 AEDT" time="9.464" errors="0">
  <testcase name="postNewUser" time="9.464" classname="apiTestsUsingBdd.PostRequestToNewUser"/>
  <system-out/>
</testsuite> <!-- apiTestsUsingBdd.PostRequestToNewUser -->
